<?xml version="1.0" encoding="UTF-8"?>
<testng-results skipped="0" failed="0" total="1" passed="1">
  <reporter-output>
  </reporter-output>
  <suite name="Surefire suite" duration-ms="38" started-at="2020-02-03T16:47:30Z" finished-at="2020-02-03T16:47:30Z">
    <groups>
    </groups>
    <test name="Surefire test" duration-ms="38" started-at="2020-02-03T16:47:30Z" finished-at="2020-02-03T16:47:30Z">
      <class name="MavenExample.PradeepMaven.AppTest">
        <test-method status="PASS" signature="testApp()[pri:0, instance:testApp(MavenExample.PradeepMaven.AppTest)]" name="testApp" duration-ms="15" started-at="2020-02-03T22:17:30Z" finished-at="2020-02-03T22:17:30Z">
          <reporter-output>
          </reporter-output>
        </test-method> <!-- testApp -->
      </class> <!-- MavenExample.PradeepMaven.AppTest -->
    </test> <!-- Surefire test -->
  </suite> <!-- Surefire suite -->
</testng-results>
